<?xml version="1.0" encoding="UTF-8"?>
<!-- Generated by org.testng.reporters.JUnitXMLReporter -->
<testsuite hostname="WinDev1905Eval" ignored="0" name="Command line test" tests="1" failures="1" timestamp="25 Jun 2019 06:43:08 GMT" time="0.085" errors="0">
  <testcase name="@BeforeTest antesDelTest" time="0.0" classname="com.FT.test.system.selenium.testcase.InsertarFoodTruckTest">
    <failure type="org.testng.TestNGException" message="
Parameter &amp;apos;navegador&amp;apos; is required by BeforeTest on method antesDelTest but has not been marked @Optional or defined
">
      <![CDATA[org.testng.TestNGException: 
Parameter 'navegador' is required by BeforeTest on method antesDelTest but has not been marked @Optional or defined

... Removed 30 stack frames]]>
    </failure>
  </testcase> <!-- @BeforeTest antesDelTest -->
  <testcase name="@AfterTest despuesDelTest" time="0.0" classname="com.FT.test.system.selenium.testcase.InsertarFoodTruckTest">
    <skipped/>
  </testcase> <!-- @AfterTest despuesDelTest -->
  <testcase name="insertarfoodTruck" time="0.0" classname="com.FT.test.system.selenium.testcase.InsertarFoodTruckTest">
    <failure type="org.testng.TestNGException" message="
Data Provider public static java.lang.Object[][] com.FT.test.system.selenium.testcase.InsertarFoodTruckTest.datosDeEntrada(org.testng.ITestContext) returned a null value">
      <![CDATA[org.testng.TestNGException: 
... Removed 32 stack frames]]>
    </failure>
  </testcase> <!-- insertarfoodTruck -->
</testsuite> <!-- Command line test -->
